<?xml version="1.0" encoding="UTF-8"?>
<coverage generated="1694513739516" clover="3.2.0">
  <project timestamp="1694513739516" name="All files">
    <metrics statements="51" coveredstatements="43" conditionals="32" coveredconditionals="26" methods="10" coveredmethods="7" elements="93" coveredelements="76" complexity="0" loc="51" ncloc="51" packages="1" files="4" classes="4"/>
    <file name="dealCards.js" path="/Users/callum.sontag/dev/practice/cmd-blackjack/cmd-blackjack/src/dealCards.js">
      <metrics statements="1" coveredstatements="1" conditionals="0" coveredconditionals="0" methods="1" coveredmethods="0"/>
      <line num="1" count="1" type="stmt"/>
    </file>
    <file name="drawCards.js" path="/Users/callum.sontag/dev/practice/cmd-blackjack/cmd-blackjack/src/drawCards.js">
      <metrics statements="6" coveredstatements="3" conditionals="0" coveredconditionals="0" methods="2" coveredmethods="0"/>
      <line num="1" count="1" type="stmt"/>
      <line num="6" count="1" type="stmt"/>
      <line num="7" count="0" type="stmt"/>
      <line num="9" count="0" type="stmt"/>
      <line num="10" count="0" type="stmt"/>
      <line num="13" count="1" type="stmt"/>
    </file>
    <file name="scoringService.js" path="/Users/callum.sontag/dev/practice/cmd-blackjack/cmd-blackjack/src/scoringService.js">
      <metrics statements="38" coveredstatements="33" conditionals="32" coveredconditionals="26" methods="6" coveredmethods="6"/>
      <line num="26" count="2" type="stmt"/>
      <line num="29" count="1" type="stmt"/>
      <line num="30" count="2" type="stmt"/>
      <line num="32" count="1" type="stmt"/>
      <line num="36" count="10" type="stmt"/>
      <line num="40" count="17" type="cond" truecount="2" falsecount="0"/>
      <line num="41" count="3" type="stmt"/>
      <line num="42" count="14" type="cond" truecount="2" falsecount="0"/>
      <line num="43" count="1" type="stmt"/>
      <line num="44" count="13" type="cond" truecount="2" falsecount="0"/>
      <line num="45" count="4" type="stmt"/>
      <line num="47" count="9" type="stmt"/>
      <line num="49" count="10" type="stmt"/>
      <line num="50" count="10" type="stmt"/>
      <line num="51" count="23" type="cond" truecount="2" falsecount="0"/>
      <line num="56" count="5" type="stmt"/>
      <line num="57" count="18" type="cond" truecount="2" falsecount="0"/>
      <line num="58" count="7" type="cond" truecount="2" falsecount="0"/>
      <line num="59" count="5" type="stmt"/>
      <line num="61" count="2" type="stmt"/>
      <line num="64" count="11" type="stmt"/>
      <line num="67" count="10" type="stmt"/>
      <line num="71" count="5" type="cond" truecount="2" falsecount="0"/>
      <line num="76" count="2" type="stmt"/>
      <line num="77" count="3" type="cond" truecount="2" falsecount="0"/>
      <line num="78" count="1" type="stmt"/>
      <line num="80" count="2" type="stmt"/>
      <line num="90" count="1" type="cond" truecount="1" falsecount="1"/>
      <line num="91" count="0" type="stmt"/>
      <line num="94" count="1" type="cond" truecount="1" falsecount="1"/>
      <line num="95" count="0" type="stmt"/>
      <line num="98" count="1" type="cond" truecount="1" falsecount="1"/>
      <line num="99" count="0" type="stmt"/>
      <line num="102" count="1" type="cond" truecount="1" falsecount="1"/>
      <line num="103" count="1" type="stmt"/>
      <line num="106" count="0" type="cond" truecount="0" falsecount="2"/>
      <line num="107" count="0" type="stmt"/>
      <line num="111" count="2" type="stmt"/>
    </file>
    <file name="shuffleCards.js" path="/Users/callum.sontag/dev/practice/cmd-blackjack/cmd-blackjack/src/shuffleCards.js">
      <metrics statements="6" coveredstatements="6" conditionals="0" coveredconditionals="0" methods="1" coveredmethods="1"/>
      <line num="4" count="1" type="stmt"/>
      <line num="6" count="1" type="stmt"/>
      <line num="7" count="4" type="stmt"/>
      <line num="8" count="4" type="stmt"/>
      <line num="9" count="4" type="stmt"/>
      <line num="12" count="1" type="stmt"/>
    </file>
  </project>
</coverage>
