{"/Users/callum.sontag/dev/practice/cmd-blackjack/cmd-blackjack/src/dealCards.js": {"path":"/Users/callum.sontag/dev/practice/cmd-blackjack/cmd-blackjack/src/dealCards.js","statementMap":{"0":{"start":{"line":1,"column":18},"end":{"line":1,"column":26}}},"fnMap":{"0":{"name":"(anonymous_0)","decl":{"start":{"line":1,"column":18},"end":{"line":1,"column":19}},"loc":{"start":{"line":1,"column":24},"end":{"line":1,"column":26}},"line":1}},"branchMap":{},"s":{"0":1},"f":{"0":0},"b":{},"_coverageSchema":"1a1c01bbd47fc00a2c39e90264f33305004495a9","hash":"b1c77adfed994df97c09917b26dbd03ac8ea4ba9"}
,"/Users/callum.sontag/dev/practice/cmd-blackjack/cmd-blackjack/src/drawCards.js": {"path":"/Users/callum.sontag/dev/practice/cmd-blackjack/cmd-blackjack/src/drawCards.js","statementMap":{"0":{"start":{"line":1,"column":14},"end":{"line":1,"column":30}},"1":{"start":{"line":6,"column":20},"end":{"line":11,"column":1}},"2":{"start":{"line":7,"column":12},"end":{"line":9,"column":46}},"3":{"start":{"line":9,"column":23},"end":{"line":9,"column":45}},"4":{"start":{"line":10,"column":2},"end":{"line":10,"column":11}},"5":{"start":{"line":13,"column":0},"end":{"line":13,"column":29}}},"fnMap":{"0":{"name":"(anonymous_0)","decl":{"start":{"line":6,"column":20},"end":{"line":6,"column":21}},"loc":{"start":{"line":6,"column":32},"end":{"line":11,"column":1}},"line":6},"1":{"name":"(anonymous_1)","decl":{"start":{"line":9,"column":9},"end":{"line":9,"column":10}},"loc":{"start":{"line":9,"column":23},"end":{"line":9,"column":45}},"line":9}},"branchMap":{},"s":{"0":1,"1":1,"2":0,"3":0,"4":0,"5":1},"f":{"0":0,"1":0},"b":{},"_coverageSchema":"1a1c01bbd47fc00a2c39e90264f33305004495a9","hash":"e87c6443b22e31f6143cd7ab0be3f78d294629b4"}
,"/Users/callum.sontag/dev/practice/cmd-blackjack/cmd-blackjack/src/scoringService.js": {"path":"/Users/callum.sontag/dev/practice/cmd-blackjack/cmd-blackjack/src/scoringService.js","statementMap":{"0":{"start":{"line":26,"column":24},"end":{"line":26,"column":26}},"1":{"start":{"line":29,"column":16},"end":{"line":31,"column":7}},"2":{"start":{"line":30,"column":4},"end":{"line":30,"column":49}},"3":{"start":{"line":32,"column":2},"end":{"line":32,"column":15}},"4":{"start":{"line":36,"column":21},"end":{"line":48,"column":4}},"5":{"start":{"line":40,"column":4},"end":{"line":46,"column":5}},"6":{"start":{"line":41,"column":6},"end":{"line":41,"column":15}},"7":{"start":{"line":42,"column":11},"end":{"line":46,"column":5}},"8":{"start":{"line":43,"column":6},"end":{"line":43,"column":15}},"9":{"start":{"line":44,"column":11},"end":{"line":46,"column":5}},"10":{"start":{"line":45,"column":6},"end":{"line":45,"column":16}},"11":{"start":{"line":47,"column":4},"end":{"line":47,"column":13}},"12":{"start":{"line":49,"column":14},"end":{"line":49,"column":15}},"13":{"start":{"line":50,"column":2},"end":{"line":66,"column":3}},"14":{"start":{"line":50,"column":15},"end":{"line":50,"column":16}},"15":{"start":{"line":51,"column":4},"end":{"line":65,"column":5}},"16":{"start":{"line":56,"column":6},"end":{"line":56,"column":25}},"17":{"start":{"line":57,"column":11},"end":{"line":65,"column":5}},"18":{"start":{"line":58,"column":6},"end":{"line":62,"column":7}},"19":{"start":{"line":59,"column":8},"end":{"line":59,"column":26}},"20":{"start":{"line":61,"column":8},"end":{"line":61,"column":27}},"21":{"start":{"line":64,"column":6},"end":{"line":64,"column":50}},"22":{"start":{"line":67,"column":2},"end":{"line":67,"column":15}},"23":{"start":{"line":71,"column":2},"end":{"line":79,"column":3}},"24":{"start":{"line":76,"column":4},"end":{"line":76,"column":14}},"25":{"start":{"line":77,"column":9},"end":{"line":79,"column":3}},"26":{"start":{"line":78,"column":4},"end":{"line":78,"column":14}},"27":{"start":{"line":80,"column":2},"end":{"line":80,"column":28}},"28":{"start":{"line":90,"column":2},"end":{"line":92,"column":3}},"29":{"start":{"line":91,"column":4},"end":{"line":91,"column":20}},"30":{"start":{"line":94,"column":2},"end":{"line":96,"column":3}},"31":{"start":{"line":95,"column":4},"end":{"line":95,"column":20}},"32":{"start":{"line":98,"column":2},"end":{"line":100,"column":3}},"33":{"start":{"line":99,"column":4},"end":{"line":99,"column":20}},"34":{"start":{"line":102,"column":2},"end":{"line":104,"column":3}},"35":{"start":{"line":103,"column":4},"end":{"line":103,"column":20}},"36":{"start":{"line":106,"column":2},"end":{"line":108,"column":3}},"37":{"start":{"line":107,"column":4},"end":{"line":107,"column":18}},"38":{"start":{"line":111,"column":0},"end":{"line":111,"column":80}}},"fnMap":{"0":{"name":"scoreForHand","decl":{"start":{"line":28,"column":9},"end":{"line":28,"column":21}},"loc":{"start":{"line":28,"column":28},"end":{"line":33,"column":1}},"line":28},"1":{"name":"(anonymous_1)","decl":{"start":{"line":29,"column":28},"end":{"line":29,"column":29}},"loc":{"start":{"line":29,"column":50},"end":{"line":31,"column":3}},"line":29},"2":{"name":"handScore","decl":{"start":{"line":35,"column":9},"end":{"line":35,"column":18}},"loc":{"start":{"line":35,"column":25},"end":{"line":68,"column":1}},"line":35},"3":{"name":"(anonymous_3)","decl":{"start":{"line":36,"column":31},"end":{"line":36,"column":32}},"loc":{"start":{"line":36,"column":46},"end":{"line":48,"column":3}},"line":36},"4":{"name":"convertCardToValue","decl":{"start":{"line":70,"column":9},"end":{"line":70,"column":27}},"loc":{"start":{"line":70,"column":34},"end":{"line":81,"column":1}},"line":70},"5":{"name":"compareScores","decl":{"start":{"line":88,"column":9},"end":{"line":88,"column":22}},"loc":{"start":{"line":88,"column":59},"end":{"line":109,"column":1}},"line":88}},"branchMap":{"0":{"loc":{"start":{"line":40,"column":4},"end":{"line":46,"column":5}},"type":"if","locations":[{"start":{"line":40,"column":4},"end":{"line":46,"column":5}},{"start":{"line":42,"column":11},"end":{"line":46,"column":5}}],"line":40},"1":{"loc":{"start":{"line":42,"column":11},"end":{"line":46,"column":5}},"type":"if","locations":[{"start":{"line":42,"column":11},"end":{"line":46,"column":5}},{"start":{"line":44,"column":11},"end":{"line":46,"column":5}}],"line":42},"2":{"loc":{"start":{"line":44,"column":11},"end":{"line":46,"column":5}},"type":"if","locations":[{"start":{"line":44,"column":11},"end":{"line":46,"column":5}},{"start":{},"end":{}}],"line":44},"3":{"loc":{"start":{"line":51,"column":4},"end":{"line":65,"column":5}},"type":"if","locations":[{"start":{"line":51,"column":4},"end":{"line":65,"column":5}},{"start":{"line":57,"column":11},"end":{"line":65,"column":5}}],"line":51},"4":{"loc":{"start":{"line":52,"column":6},"end":{"line":54,"column":36}},"type":"binary-expr","locations":[{"start":{"line":52,"column":6},"end":{"line":52,"column":37}},{"start":{"line":53,"column":6},"end":{"line":53,"column":36}},{"start":{"line":54,"column":6},"end":{"line":54,"column":36}}],"line":52},"5":{"loc":{"start":{"line":57,"column":11},"end":{"line":65,"column":5}},"type":"if","locations":[{"start":{"line":57,"column":11},"end":{"line":65,"column":5}},{"start":{"line":63,"column":11},"end":{"line":65,"column":5}}],"line":57},"6":{"loc":{"start":{"line":58,"column":6},"end":{"line":62,"column":7}},"type":"if","locations":[{"start":{"line":58,"column":6},"end":{"line":62,"column":7}},{"start":{"line":60,"column":13},"end":{"line":62,"column":7}}],"line":58},"7":{"loc":{"start":{"line":71,"column":2},"end":{"line":79,"column":3}},"type":"if","locations":[{"start":{"line":71,"column":2},"end":{"line":79,"column":3}},{"start":{"line":77,"column":9},"end":{"line":79,"column":3}}],"line":71},"8":{"loc":{"start":{"line":72,"column":4},"end":{"line":74,"column":25}},"type":"binary-expr","locations":[{"start":{"line":72,"column":4},"end":{"line":72,"column":26}},{"start":{"line":73,"column":4},"end":{"line":73,"column":25}},{"start":{"line":74,"column":4},"end":{"line":74,"column":25}}],"line":72},"9":{"loc":{"start":{"line":77,"column":9},"end":{"line":79,"column":3}},"type":"if","locations":[{"start":{"line":77,"column":9},"end":{"line":79,"column":3}},{"start":{},"end":{}}],"line":77},"10":{"loc":{"start":{"line":90,"column":2},"end":{"line":92,"column":3}},"type":"if","locations":[{"start":{"line":90,"column":2},"end":{"line":92,"column":3}},{"start":{},"end":{}}],"line":90},"11":{"loc":{"start":{"line":94,"column":2},"end":{"line":96,"column":3}},"type":"if","locations":[{"start":{"line":94,"column":2},"end":{"line":96,"column":3}},{"start":{},"end":{}}],"line":94},"12":{"loc":{"start":{"line":98,"column":2},"end":{"line":100,"column":3}},"type":"if","locations":[{"start":{"line":98,"column":2},"end":{"line":100,"column":3}},{"start":{},"end":{}}],"line":98},"13":{"loc":{"start":{"line":102,"column":2},"end":{"line":104,"column":3}},"type":"if","locations":[{"start":{"line":102,"column":2},"end":{"line":104,"column":3}},{"start":{},"end":{}}],"line":102},"14":{"loc":{"start":{"line":106,"column":2},"end":{"line":108,"column":3}},"type":"if","locations":[{"start":{"line":106,"column":2},"end":{"line":108,"column":3}},{"start":{},"end":{}}],"line":106}},"s":{"0":2,"1":1,"2":2,"3":1,"4":10,"5":17,"6":3,"7":14,"8":1,"9":13,"10":4,"11":9,"12":10,"13":10,"14":10,"15":23,"16":5,"17":18,"18":7,"19":5,"20":2,"21":11,"22":10,"23":5,"24":2,"25":3,"26":1,"27":2,"28":1,"29":0,"30":1,"31":0,"32":1,"33":0,"34":1,"35":1,"36":0,"37":0,"38":2},"f":{"0":1,"1":2,"2":10,"3":17,"4":5,"5":1},"b":{"0":[3,14],"1":[1,13],"2":[4,9],"3":[5,18],"4":[23,22,19],"5":[7,11],"6":[5,2],"7":[2,3],"8":[5,4,4],"9":[1,2],"10":[0,1],"11":[0,1],"12":[0,1],"13":[1,0],"14":[0,0]},"_coverageSchema":"1a1c01bbd47fc00a2c39e90264f33305004495a9","hash":"9482f255457cedbcb21389195809aca03551ad25"}
,"/Users/callum.sontag/dev/practice/cmd-blackjack/cmd-blackjack/src/shuffleCards.js": {"path":"/Users/callum.sontag/dev/practice/cmd-blackjack/cmd-blackjack/src/shuffleCards.js","statementMap":{"0":{"start":{"line":4,"column":14},"end":{"line":4,"column":30}},"1":{"start":{"line":6,"column":21},"end":{"line":10,"column":1}},"2":{"start":{"line":7,"column":21},"end":{"line":7,"column":105}},"3":{"start":{"line":8,"column":19},"end":{"line":8,"column":40}},"4":{"start":{"line":9,"column":4},"end":{"line":9,"column":59}},"5":{"start":{"line":12,"column":0},"end":{"line":12,"column":30}}},"fnMap":{"0":{"name":"(anonymous_0)","decl":{"start":{"line":6,"column":21},"end":{"line":6,"column":22}},"loc":{"start":{"line":6,"column":33},"end":{"line":10,"column":1}},"line":6}},"branchMap":{},"s":{"0":1,"1":1,"2":4,"3":4,"4":4,"5":1},"f":{"0":4},"b":{},"_coverageSchema":"1a1c01bbd47fc00a2c39e90264f33305004495a9","hash":"7a925b80fa7c9abbc081a8289f8621135cdaff9b"}
}
