TN:
SF:src/dealCards.js
FN:1,(anonymous_0)
FNF:1
FNH:0
FNDA:0,(anonymous_0)
DA:1,1
LF:1
LH:1
BRF:0
BRH:0
end_of_record
TN:
SF:src/drawCards.js
FN:6,(anonymous_0)
FN:9,(anonymous_1)
FNF:2
FNH:0
FNDA:0,(anonymous_0)
FNDA:0,(anonymous_1)
DA:1,1
DA:6,1
DA:7,0
DA:9,0
DA:10,0
DA:13,1
LF:6
LH:3
BRF:0
BRH:0
end_of_record
TN:
SF:src/scoringService.js
FN:28,scoreForHand
FN:29,(anonymous_1)
FN:35,handScore
FN:36,(anonymous_3)
FN:70,convertCardToValue
FN:88,compareScores
FNF:6
FNH:6
FNDA:1,scoreForHand
FNDA:2,(anonymous_1)
FNDA:10,handScore
FNDA:17,(anonymous_3)
FNDA:5,convertCardToValue
FNDA:1,compareScores
DA:26,2
DA:29,1
DA:30,2
DA:32,1
DA:36,10
DA:40,17
DA:41,3
DA:42,14
DA:43,1
DA:44,13
DA:45,4
DA:47,9
DA:49,10
DA:50,10
DA:51,23
DA:56,5
DA:57,18
DA:58,7
DA:59,5
DA:61,2
DA:64,11
DA:67,10
DA:71,5
DA:76,2
DA:77,3
DA:78,1
DA:80,2
DA:90,1
DA:91,0
DA:94,1
DA:95,0
DA:98,1
DA:99,0
DA:102,1
DA:103,1
DA:106,0
DA:107,0
DA:111,2
LF:38
LH:33
BRDA:40,0,0,3
BRDA:40,0,1,14
BRDA:42,1,0,1
BRDA:42,1,1,13
BRDA:44,2,0,4
BRDA:44,2,1,9
BRDA:51,3,0,5
BRDA:51,3,1,18
BRDA:52,4,0,23
BRDA:52,4,1,22
BRDA:52,4,2,19
BRDA:57,5,0,7
BRDA:57,5,1,11
BRDA:58,6,0,5
BRDA:58,6,1,2
BRDA:71,7,0,2
BRDA:71,7,1,3
BRDA:72,8,0,5
BRDA:72,8,1,4
BRDA:72,8,2,4
BRDA:77,9,0,1
BRDA:77,9,1,2
BRDA:90,10,0,0
BRDA:90,10,1,1
BRDA:94,11,0,0
BRDA:94,11,1,1
BRDA:98,12,0,0
BRDA:98,12,1,1
BRDA:102,13,0,1
BRDA:102,13,1,0
BRDA:106,14,0,0
BRDA:106,14,1,0
BRF:32
BRH:26
end_of_record
TN:
SF:src/shuffleCards.js
FN:6,(anonymous_0)
FNF:1
FNH:1
FNDA:4,(anonymous_0)
DA:4,1
DA:6,1
DA:7,4
DA:8,4
DA:9,4
DA:12,1
LF:6
LH:6
BRF:0
BRH:0
end_of_record
